<?xml version="1.0" encoding="UTF-8"?>
<testng-results ignored="0" total="3" passed="3" failed="0" skipped="0">
  <reporter-output>
  </reporter-output>
  <suite started-at="2021-09-21T11:32:27Z" name="Default suite" finished-at="2021-09-21T11:32:28Z" duration-ms="135">
    <groups>
    </groups>
    <test started-at="2021-09-21T11:32:27Z" name="Default test" finished-at="2021-09-21T11:32:28Z" duration-ms="135">
      <class name="com.comcastContact.Contact">
        <test-method signature="createContactTest()[pri:0, instance:com.comcastContact.Contact@6d026701]" started-at="2021-09-21T11:32:28Z" name="createContactTest" finished-at="2021-09-21T11:32:28Z" duration-ms="30" status="PASS">
          <reporter-output>
          </reporter-output>
        </test-method> <!-- createContactTest -->
        <test-method signature="createContactWithOrgTest()[pri:0, instance:com.comcastContact.Contact@6d026701]" started-at="2021-09-21T11:32:28Z" name="createContactWithOrgTest" finished-at="2021-09-21T11:32:28Z" duration-ms="7" status="PASS">
          <reporter-output>
          </reporter-output>
        </test-method> <!-- createContactWithOrgTest -->
        <test-method signature="deleteContactTest()[pri:0, instance:com.comcastContact.Contact@6d026701]" started-at="2021-09-21T11:32:28Z" name="deleteContactTest" finished-at="2021-09-21T11:32:28Z" duration-ms="6" status="PASS">
          <reporter-output>
          </reporter-output>
        </test-method> <!-- deleteContactTest -->
      </class> <!-- com.comcastContact.Contact -->
    </test> <!-- Default test -->
  </suite> <!-- Default suite -->
</testng-results>
