<?xml version="1.0" encoding="UTF-8"?>
<!-- Generated by org.testng.reporters.JUnitXMLReporter -->
<testsuite ignored="0" hostname="DESKTOP-05ROOLV" failures="0" tests="3" name="Default test" time="0.135" errors="0" timestamp="21 Sep 2021 11:32:28 GMT">
  <testcase classname="com.comcastContact.Contact" name="createContactTest" time="0.03"/>
  <testcase classname="com.comcastContact.Contact" name="createContactWithOrgTest" time="0.007"/>
  <testcase classname="com.comcastContact.Contact" name="deleteContactTest" time="0.006"/>
</testsuite> <!-- Default test -->
